{"D:\\1\\rss_react\\src\\baseForm\\BaseForm.tsx": {"path":"D:\\1\\rss_react\\src\\baseForm\\BaseForm.tsx","statementMap":{"0":{"start":{"line":1,"column":0},"end":{"line":1,"column":71}},"1":{"start":{"line":2,"column":0},"end":{"line":2,"column":65}},"2":{"start":{"line":3,"column":0},"end":{"line":3,"column":57}},"3":{"start":{"line":6,"column":0},"end":{"line":6,"column":43}},"4":{"start":{"line":7,"column":0},"end":{"line":7,"column":24}},"5":{"start":{"line":22,"column":17},"end":{"line":253,"column":1}},"6":{"start":{"line":34,"column":27},"end":{"line":44,"column":3}},"7":{"start":{"line":35,"column":4},"end":{"line":35,"column":43}},"8":{"start":{"line":35,"column":36},"end":{"line":35,"column":43}},"9":{"start":{"line":37,"column":17},"end":{"line":37,"column":32}},"10":{"start":{"line":38,"column":4},"end":{"line":43,"column":5}},"11":{"start":{"line":39,"column":21},"end":{"line":39,"column":42}},"12":{"start":{"line":40,"column":6},"end":{"line":40,"column":31}},"13":{"start":{"line":42,"column":6},"end":{"line":42,"column":29}},"14":{"start":{"line":45,"column":23},"end":{"line":45,"column":53}},"15":{"start":{"line":47,"column":2},"end":{"line":49,"column":9}},"16":{"start":{"line":48,"column":4},"end":{"line":48,"column":34}},"17":{"start":{"line":51,"column":2},"end":{"line":252,"column":4}},"18":{"start":{"line":68,"column":12},"end":{"line":68,"column":72}},"19":{"start":{"line":84,"column":12},"end":{"line":84,"column":79}},"20":{"start":{"line":102,"column":14},"end":{"line":102,"column":68}},"21":{"start":{"line":115,"column":14},"end":{"line":115,"column":70}},"22":{"start":{"line":126,"column":33},"end":{"line":126,"column":69}},"23":{"start":{"line":146,"column":12},"end":{"line":146,"column":73}},"24":{"start":{"line":163,"column":12},"end":{"line":163,"column":76}},"25":{"start":{"line":167,"column":12},"end":{"line":175,"column":13}},"26":{"start":{"line":172,"column":14},"end":{"line":174,"column":15}},"27":{"start":{"line":173,"column":16},"end":{"line":173,"column":63}},"28":{"start":{"line":195,"column":12},"end":{"line":197,"column":57}},"29":{"start":{"line":215,"column":12},"end":{"line":215,"column":79}},"30":{"start":{"line":231,"column":12},"end":{"line":233,"column":13}},"31":{"start":{"line":232,"column":14},"end":{"line":232,"column":52}},"32":{"start":{"line":255,"column":0},"end":{"line":255,"column":24}}},"fnMap":{"0":{"name":"(anonymous_1)","decl":{"start":{"line":22,"column":17},"end":{"line":22,"column":18}},"loc":{"start":{"line":33,"column":34},"end":{"line":253,"column":1}}},"1":{"name":"(anonymous_2)","decl":{"start":{"line":34,"column":27},"end":{"line":34,"column":32}},"loc":{"start":{"line":34,"column":51},"end":{"line":44,"column":3}}},"2":{"name":"(anonymous_3)","decl":{"start":{"line":47,"column":12},"end":{"line":47,"column":15}},"loc":{"start":{"line":47,"column":17},"end":{"line":49,"column":3}}},"3":{"name":"(anonymous_4)","decl":{"start":{"line":67,"column":20},"end":{"line":67,"column":21}},"loc":{"start":{"line":68,"column":12},"end":{"line":68,"column":72}}},"4":{"name":"(anonymous_5)","decl":{"start":{"line":83,"column":20},"end":{"line":83,"column":21}},"loc":{"start":{"line":84,"column":12},"end":{"line":84,"column":79}}},"5":{"name":"(anonymous_6)","decl":{"start":{"line":101,"column":22},"end":{"line":101,"column":25}},"loc":{"start":{"line":102,"column":14},"end":{"line":102,"column":68}}},"6":{"name":"(anonymous_7)","decl":{"start":{"line":114,"column":22},"end":{"line":114,"column":25}},"loc":{"start":{"line":115,"column":14},"end":{"line":115,"column":70}}},"7":{"name":"(anonymous_8)","decl":{"start":{"line":126,"column":24},"end":{"line":126,"column":25}},"loc":{"start":{"line":126,"column":33},"end":{"line":126,"column":69}}},"8":{"name":"(anonymous_9)","decl":{"start":{"line":127,"column":27},"end":{"line":127,"column":30}},"loc":{"start":{"line":127,"column":32},"end":{"line":127,"column":35}}},"9":{"name":"(anonymous_10)","decl":{"start":{"line":145,"column":20},"end":{"line":145,"column":21}},"loc":{"start":{"line":146,"column":12},"end":{"line":146,"column":73}}},"10":{"name":"(anonymous_11)","decl":{"start":{"line":162,"column":20},"end":{"line":162,"column":21}},"loc":{"start":{"line":163,"column":12},"end":{"line":163,"column":76}}},"11":{"name":"(anonymous_12)","decl":{"start":{"line":166,"column":19},"end":{"line":166,"column":22}},"loc":{"start":{"line":166,"column":24},"end":{"line":176,"column":11}}},"12":{"name":"(anonymous_13)","decl":{"start":{"line":194,"column":20},"end":{"line":194,"column":21}},"loc":{"start":{"line":195,"column":12},"end":{"line":197,"column":57}}},"13":{"name":"(anonymous_14)","decl":{"start":{"line":214,"column":20},"end":{"line":214,"column":21}},"loc":{"start":{"line":215,"column":12},"end":{"line":215,"column":79}}},"14":{"name":"(anonymous_15)","decl":{"start":{"line":230,"column":20},"end":{"line":230,"column":25}},"loc":{"start":{"line":230,"column":32},"end":{"line":234,"column":11}}}},"branchMap":{"0":{"loc":{"start":{"line":28,"column":2},"end":{"line":28,"column":21}},"type":"default-arg","locations":[{"start":{"line":28,"column":17},"end":{"line":28,"column":21}}]},"1":{"loc":{"start":{"line":35,"column":4},"end":{"line":35,"column":43}},"type":"if","locations":[{"start":{"line":35,"column":4},"end":{"line":35,"column":43}},{"start":{},"end":{}}]},"2":{"loc":{"start":{"line":35,"column":8},"end":{"line":35,"column":34}},"type":"binary-expr","locations":[{"start":{"line":35,"column":8},"end":{"line":35,"column":21}},{"start":{"line":35,"column":25},"end":{"line":35,"column":34}}]},"3":{"loc":{"start":{"line":37,"column":17},"end":{"line":37,"column":32}},"type":"binary-expr","locations":[{"start":{"line":37,"column":17},"end":{"line":37,"column":24}},{"start":{"line":37,"column":28},"end":{"line":37,"column":32}}]},"4":{"loc":{"start":{"line":38,"column":4},"end":{"line":43,"column":5}},"type":"if","locations":[{"start":{"line":38,"column":4},"end":{"line":43,"column":5}},{"start":{"line":41,"column":11},"end":{"line":43,"column":5}}]},"5":{"loc":{"start":{"line":54,"column":11},"end":{"line":54,"column":45}},"type":"cond-expr","locations":[{"start":{"line":54,"column":26},"end":{"line":54,"column":35}},{"start":{"line":54,"column":38},"end":{"line":54,"column":45}}]},"6":{"loc":{"start":{"line":56,"column":19},"end":{"line":56,"column":73}},"type":"cond-expr","locations":[{"start":{"line":56,"column":34},"end":{"line":56,"column":51}},{"start":{"line":56,"column":54},"end":{"line":56,"column":73}}]},"7":{"loc":{"start":{"line":65,"column":17},"end":{"line":65,"column":55}},"type":"cond-expr","locations":[{"start":{"line":65,"column":32},"end":{"line":65,"column":43}},{"start":{"line":65,"column":46},"end":{"line":65,"column":55}}]},"8":{"loc":{"start":{"line":66,"column":24},"end":{"line":66,"column":62}},"type":"cond-expr","locations":[{"start":{"line":66,"column":39},"end":{"line":66,"column":48}},{"start":{"line":66,"column":51},"end":{"line":66,"column":62}}]},"9":{"loc":{"start":{"line":68,"column":12},"end":{"line":68,"column":72}},"type":"binary-expr","locations":[{"start":{"line":68,"column":12},"end":{"line":68,"column":24}},{"start":{"line":68,"column":28},"end":{"line":68,"column":36}},{"start":{"line":68,"column":40},"end":{"line":68,"column":72}}]},"10":{"loc":{"start":{"line":72,"column":11},"end":{"line":72,"column":67}},"type":"binary-expr","locations":[{"start":{"line":72,"column":11},"end":{"line":72,"column":22}},{"start":{"line":72,"column":26},"end":{"line":72,"column":67}}]},"11":{"loc":{"start":{"line":81,"column":17},"end":{"line":81,"column":54}},"type":"cond-expr","locations":[{"start":{"line":81,"column":32},"end":{"line":81,"column":42}},{"start":{"line":81,"column":45},"end":{"line":81,"column":54}}]},"12":{"loc":{"start":{"line":82,"column":24},"end":{"line":82,"column":61}},"type":"cond-expr","locations":[{"start":{"line":82,"column":39},"end":{"line":82,"column":48}},{"start":{"line":82,"column":51},"end":{"line":82,"column":61}}]},"13":{"loc":{"start":{"line":84,"column":12},"end":{"line":84,"column":79}},"type":"binary-expr","locations":[{"start":{"line":84,"column":12},"end":{"line":84,"column":24}},{"start":{"line":84,"column":28},"end":{"line":84,"column":36}},{"start":{"line":84,"column":40},"end":{"line":84,"column":79}}]},"14":{"loc":{"start":{"line":88,"column":11},"end":{"line":88,"column":65}},"type":"binary-expr","locations":[{"start":{"line":88,"column":11},"end":{"line":88,"column":21}},{"start":{"line":88,"column":25},"end":{"line":88,"column":65}}]},"15":{"loc":{"start":{"line":99,"column":21},"end":{"line":99,"column":72}},"type":"cond-expr","locations":[{"start":{"line":99,"column":36},"end":{"line":99,"column":60}},{"start":{"line":99,"column":63},"end":{"line":99,"column":72}}]},"16":{"loc":{"start":{"line":100,"column":28},"end":{"line":100,"column":69}},"type":"binary-expr","locations":[{"start":{"line":100,"column":28},"end":{"line":100,"column":41}},{"start":{"line":100,"column":45},"end":{"line":100,"column":69}}]},"17":{"loc":{"start":{"line":102,"column":14},"end":{"line":102,"column":68}},"type":"binary-expr","locations":[{"start":{"line":102,"column":14},"end":{"line":102,"column":26}},{"start":{"line":102,"column":30},"end":{"line":102,"column":38}},{"start":{"line":102,"column":42},"end":{"line":102,"column":68}}]},"18":{"loc":{"start":{"line":112,"column":21},"end":{"line":112,"column":74}},"type":"cond-expr","locations":[{"start":{"line":112,"column":36},"end":{"line":112,"column":62}},{"start":{"line":112,"column":65},"end":{"line":112,"column":74}}]},"19":{"loc":{"start":{"line":113,"column":28},"end":{"line":113,"column":71}},"type":"binary-expr","locations":[{"start":{"line":113,"column":28},"end":{"line":113,"column":41}},{"start":{"line":113,"column":45},"end":{"line":113,"column":71}}]},"20":{"loc":{"start":{"line":115,"column":14},"end":{"line":115,"column":70}},"type":"binary-expr","locations":[{"start":{"line":115,"column":14},"end":{"line":115,"column":26}},{"start":{"line":115,"column":30},"end":{"line":115,"column":38}},{"start":{"line":115,"column":42},"end":{"line":115,"column":70}}]},"21":{"loc":{"start":{"line":123,"column":9},"end":{"line":130,"column":null}},"type":"cond-expr","locations":[{"start":{"line":124,"column":10},"end":{"line":127,"column":null}},{"start":{"line":130,"column":10},"end":{"line":130,"column":64}}]},"22":{"loc":{"start":{"line":126,"column":33},"end":{"line":126,"column":69}},"type":"binary-expr","locations":[{"start":{"line":126,"column":33},"end":{"line":126,"column":41}},{"start":{"line":126,"column":45},"end":{"line":126,"column":69}}]},"23":{"loc":{"start":{"line":133,"column":11},"end":{"line":133,"column":73}},"type":"binary-expr","locations":[{"start":{"line":133,"column":11},"end":{"line":133,"column":25}},{"start":{"line":133,"column":29},"end":{"line":133,"column":73}}]},"24":{"loc":{"start":{"line":143,"column":17},"end":{"line":143,"column":56}},"type":"cond-expr","locations":[{"start":{"line":143,"column":32},"end":{"line":143,"column":44}},{"start":{"line":143,"column":47},"end":{"line":143,"column":56}}]},"25":{"loc":{"start":{"line":144,"column":24},"end":{"line":144,"column":64}},"type":"cond-expr","locations":[{"start":{"line":144,"column":40},"end":{"line":144,"column":52}},{"start":{"line":144,"column":55},"end":{"line":144,"column":64}}]},"26":{"loc":{"start":{"line":146,"column":12},"end":{"line":146,"column":73}},"type":"binary-expr","locations":[{"start":{"line":146,"column":12},"end":{"line":146,"column":24}},{"start":{"line":146,"column":28},"end":{"line":146,"column":36}},{"start":{"line":146,"column":40},"end":{"line":146,"column":73}}]},"27":{"loc":{"start":{"line":150,"column":11},"end":{"line":150,"column":69}},"type":"binary-expr","locations":[{"start":{"line":150,"column":11},"end":{"line":150,"column":23}},{"start":{"line":150,"column":27},"end":{"line":150,"column":69}}]},"28":{"loc":{"start":{"line":160,"column":17},"end":{"line":160,"column":59}},"type":"cond-expr","locations":[{"start":{"line":160,"column":32},"end":{"line":160,"column":47}},{"start":{"line":160,"column":50},"end":{"line":160,"column":59}}]},"29":{"loc":{"start":{"line":161,"column":24},"end":{"line":161,"column":67}},"type":"cond-expr","locations":[{"start":{"line":161,"column":40},"end":{"line":161,"column":55}},{"start":{"line":161,"column":58},"end":{"line":161,"column":67}}]},"30":{"loc":{"start":{"line":163,"column":12},"end":{"line":163,"column":76}},"type":"binary-expr","locations":[{"start":{"line":163,"column":12},"end":{"line":163,"column":24}},{"start":{"line":163,"column":28},"end":{"line":163,"column":36}},{"start":{"line":163,"column":40},"end":{"line":163,"column":76}}]},"31":{"loc":{"start":{"line":165,"column":15},"end":{"line":165,"column":41}},"type":"binary-expr","locations":[{"start":{"line":165,"column":15},"end":{"line":165,"column":26}},{"start":{"line":165,"column":30},"end":{"line":165,"column":41}}]},"32":{"loc":{"start":{"line":167,"column":12},"end":{"line":175,"column":13}},"type":"if","locations":[{"start":{"line":167,"column":12},"end":{"line":175,"column":13}},{"start":{},"end":{}}]},"33":{"loc":{"start":{"line":168,"column":14},"end":{"line":170,"column":33}},"type":"binary-expr","locations":[{"start":{"line":168,"column":14},"end":{"line":168,"column":25}},{"start":{"line":169,"column":14},"end":{"line":169,"column":38}},{"start":{"line":170,"column":14},"end":{"line":170,"column":33}}]},"34":{"loc":{"start":{"line":172,"column":14},"end":{"line":174,"column":15}},"type":"if","locations":[{"start":{"line":172,"column":14},"end":{"line":174,"column":15}},{"start":{},"end":{}}]},"35":{"loc":{"start":{"line":179,"column":20},"end":{"line":179,"column":73}},"type":"cond-expr","locations":[{"start":{"line":179,"column":39},"end":{"line":179,"column":55}},{"start":{"line":179,"column":58},"end":{"line":179,"column":73}}]},"36":{"loc":{"start":{"line":182,"column":11},"end":{"line":182,"column":75}},"type":"binary-expr","locations":[{"start":{"line":182,"column":11},"end":{"line":182,"column":26}},{"start":{"line":182,"column":30},"end":{"line":182,"column":75}}]},"37":{"loc":{"start":{"line":192,"column":17},"end":{"line":192,"column":68}},"type":"cond-expr","locations":[{"start":{"line":192,"column":32},"end":{"line":192,"column":56}},{"start":{"line":192,"column":59},"end":{"line":192,"column":68}}]},"38":{"loc":{"start":{"line":193,"column":24},"end":{"line":193,"column":76}},"type":"cond-expr","locations":[{"start":{"line":193,"column":40},"end":{"line":193,"column":64}},{"start":{"line":193,"column":67},"end":{"line":193,"column":76}}]},"39":{"loc":{"start":{"line":195,"column":12},"end":{"line":197,"column":57}},"type":"binary-expr","locations":[{"start":{"line":195,"column":12},"end":{"line":195,"column":24}},{"start":{"line":196,"column":12},"end":{"line":196,"column":20}},{"start":{"line":197,"column":12},"end":{"line":197,"column":57}}]},"40":{"loc":{"start":{"line":201,"column":11},"end":{"line":202,"column":null}},"type":"binary-expr","locations":[{"start":{"line":201,"column":11},"end":{"line":201,"column":35}},{"start":{"line":202,"column":12},"end":{"line":202,"column":66}}]},"41":{"loc":{"start":{"line":212,"column":19},"end":{"line":212,"column":62}},"type":"cond-expr","locations":[{"start":{"line":212,"column":34},"end":{"line":212,"column":50}},{"start":{"line":212,"column":53},"end":{"line":212,"column":62}}]},"42":{"loc":{"start":{"line":213,"column":26},"end":{"line":213,"column":59}},"type":"binary-expr","locations":[{"start":{"line":213,"column":26},"end":{"line":213,"column":39}},{"start":{"line":213,"column":43},"end":{"line":213,"column":59}}]},"43":{"loc":{"start":{"line":215,"column":12},"end":{"line":215,"column":79}},"type":"binary-expr","locations":[{"start":{"line":215,"column":12},"end":{"line":215,"column":24}},{"start":{"line":215,"column":28},"end":{"line":215,"column":36}},{"start":{"line":215,"column":40},"end":{"line":215,"column":79}}]},"44":{"loc":{"start":{"line":221,"column":9},"end":{"line":221,"column":75}},"type":"binary-expr","locations":[{"start":{"line":221,"column":9},"end":{"line":221,"column":25}},{"start":{"line":221,"column":29},"end":{"line":221,"column":75}}]},"45":{"loc":{"start":{"line":231,"column":12},"end":{"line":233,"column":13}},"type":"if","locations":[{"start":{"line":231,"column":12},"end":{"line":233,"column":13}},{"start":{},"end":{}}]},"46":{"loc":{"start":{"line":241,"column":11},"end":{"line":241,"column":71}},"type":"binary-expr","locations":[{"start":{"line":241,"column":11},"end":{"line":241,"column":22}},{"start":{"line":241,"column":26},"end":{"line":241,"column":71}}]},"47":{"loc":{"start":{"line":244,"column":11},"end":{"line":244,"column":67}},"type":"binary-expr","locations":[{"start":{"line":244,"column":11},"end":{"line":244,"column":22}},{"start":{"line":244,"column":26},"end":{"line":244,"column":67}}]},"48":{"loc":{"start":{"line":248,"column":38},"end":{"line":248,"column":62}},"type":"binary-expr","locations":[{"start":{"line":248,"column":38},"end":{"line":248,"column":50}},{"start":{"line":248,"column":54},"end":{"line":248,"column":62}}]}},"s":{"0":4,"1":4,"2":4,"3":4,"4":4,"5":4,"6":24,"7":2,"8":1,"9":1,"10":1,"11":1,"12":1,"13":0,"14":24,"15":24,"16":15,"17":24,"18":6,"19":0,"20":0,"21":0,"22":0,"23":0,"24":0,"25":0,"26":0,"27":0,"28":0,"29":4,"30":2,"31":2,"32":4},"f":{"0":24,"1":2,"2":15,"3":6,"4":0,"5":0,"6":0,"7":0,"8":0,"9":0,"10":0,"11":0,"12":0,"13":4,"14":2},"b":{"0":[4],"1":[1,1],"2":[2,1],"3":[1,0],"4":[1,0],"5":[17,7],"6":[17,7],"7":[17,7],"8":[17,7],"9":[6,6,6],"10":[24,1],"11":[17,7],"12":[17,7],"13":[0,0,0],"14":[24,1],"15":[17,7],"16":[24,7],"17":[0,0,0],"18":[17,7],"19":[24,7],"20":[0,0,0],"21":[17,7],"22":[0,0],"23":[24,1],"24":[17,7],"25":[7,17],"26":[0,0,0],"27":[24,1],"28":[17,7],"29":[7,17],"30":[0,0,0],"31":[24,7],"32":[0,0],"33":[0,0,0],"34":[0,0],"35":[0,24],"36":[24,1],"37":[17,7],"38":[7,17],"39":[0,0,0],"40":[24,0],"41":[17,7],"42":[24,7],"43":[4,2,2],"44":[24,2],"45":[2,0],"46":[24,0],"47":[24,1],"48":[24,17]}}
,"D:\\1\\rss_react\\src\\controlledForm\\ControlledForm.tsx": {"path":"D:\\1\\rss_react\\src\\controlledForm\\ControlledForm.tsx","statementMap":{"0":{"start":{"line":1,"column":0},"end":{"line":1,"column":63}},"1":{"start":{"line":2,"column":0},"end":{"line":2,"column":42}},"2":{"start":{"line":3,"column":0},"end":{"line":3,"column":31}},"3":{"start":{"line":4,"column":0},"end":{"line":4,"column":58}},"4":{"start":{"line":7,"column":0},"end":{"line":7,"column":44}},"5":{"start":{"line":13,"column":23},"end":{"line":111,"column":1}},"6":{"start":{"line":16,"column":22},"end":{"line":16,"column":60}},"7":{"start":{"line":16,"column":42},"end":{"line":16,"column":59}},"8":{"start":{"line":18,"column":30},"end":{"line":18,"column":68}},"9":{"start":{"line":19,"column":32},"end":{"line":19,"column":47}},"10":{"start":{"line":21,"column":30},"end":{"line":31,"column":4}},"11":{"start":{"line":32,"column":17},"end":{"line":32,"column":33}},"12":{"start":{"line":34,"column":23},"end":{"line":37,"column":3}},"13":{"start":{"line":35,"column":4},"end":{"line":35,"column":55}},"14":{"start":{"line":35,"column":25},"end":{"line":35,"column":52}},"15":{"start":{"line":36,"column":4},"end":{"line":36,"column":32}},"16":{"start":{"line":39,"column":23},"end":{"line":54,"column":3}},"17":{"start":{"line":40,"column":4},"end":{"line":40,"column":23}},"18":{"start":{"line":42,"column":25},"end":{"line":42,"column":38}},"19":{"start":{"line":44,"column":4},"end":{"line":53,"column":5}},"20":{"start":{"line":45,"column":24},"end":{"line":45,"column":50}},"21":{"start":{"line":46,"column":6},"end":{"line":46,"column":29}},"22":{"start":{"line":47,"column":6},"end":{"line":47,"column":26}},"23":{"start":{"line":48,"column":6},"end":{"line":48,"column":29}},"24":{"start":{"line":50,"column":6},"end":{"line":52,"column":7}},"25":{"start":{"line":51,"column":8},"end":{"line":51,"column":47}},"26":{"start":{"line":56,"column":24},"end":{"line":76,"column":3}},"27":{"start":{"line":57,"column":20},"end":{"line":57,"column":33}},"28":{"start":{"line":58,"column":4},"end":{"line":64,"column":5}},"29":{"start":{"line":59,"column":6},"end":{"line":63,"column":7}},"30":{"start":{"line":60,"column":8},"end":{"line":60,"column":63}},"31":{"start":{"line":62,"column":8},"end":{"line":62,"column":43}},"32":{"start":{"line":65,"column":24},"end":{"line":65,"column":43}},"33":{"start":{"line":66,"column":19},"end":{"line":66,"column":47}},"34":{"start":{"line":68,"column":4},"end":{"line":74,"column":5}},"35":{"start":{"line":69,"column":6},"end":{"line":69,"column":75}},"36":{"start":{"line":69,"column":60},"end":{"line":69,"column":73}},"37":{"start":{"line":70,"column":11},"end":{"line":74,"column":5}},"38":{"start":{"line":71,"column":6},"end":{"line":73,"column":8}},"39":{"start":{"line":72,"column":52},"end":{"line":72,"column":65}},"40":{"start":{"line":75,"column":4},"end":{"line":75,"column":25}},"41":{"start":{"line":78,"column":2},"end":{"line":99,"column":5}},"42":{"start":{"line":80,"column":6},"end":{"line":87,"column":26}},"43":{"start":{"line":88,"column":4},"end":{"line":88,"column":58}},"44":{"start":{"line":101,"column":2},"end":{"line":110,"column":4}},"45":{"start":{"line":113,"column":0},"end":{"line":113,"column":30}}},"fnMap":{"0":{"name":"(anonymous_1)","decl":{"start":{"line":13,"column":23},"end":{"line":13,"column":24}},"loc":{"start":{"line":15,"column":40},"end":{"line":111,"column":1}}},"1":{"name":"(anonymous_2)","decl":{"start":{"line":16,"column":31},"end":{"line":16,"column":32}},"loc":{"start":{"line":16,"column":42},"end":{"line":16,"column":59}}},"2":{"name":"(anonymous_3)","decl":{"start":{"line":34,"column":23},"end":{"line":34,"column":45}},"loc":{"start":{"line":34,"column":77},"end":{"line":37,"column":3}}},"3":{"name":"(anonymous_4)","decl":{"start":{"line":35,"column":14},"end":{"line":35,"column":15}},"loc":{"start":{"line":35,"column":25},"end":{"line":35,"column":52}}},"4":{"name":"(anonymous_5)","decl":{"start":{"line":39,"column":23},"end":{"line":39,"column":28}},"loc":{"start":{"line":39,"column":69},"end":{"line":54,"column":3}}},"5":{"name":"(anonymous_6)","decl":{"start":{"line":56,"column":24},"end":{"line":56,"column":25}},"loc":{"start":{"line":56,"column":61},"end":{"line":76,"column":3}}},"6":{"name":"(anonymous_7)","decl":{"start":{"line":69,"column":49},"end":{"line":69,"column":50}},"loc":{"start":{"line":69,"column":60},"end":{"line":69,"column":73}}},"7":{"name":"(anonymous_8)","decl":{"start":{"line":72,"column":41},"end":{"line":72,"column":42}},"loc":{"start":{"line":72,"column":52},"end":{"line":72,"column":65}}},"8":{"name":"(anonymous_9)","decl":{"start":{"line":78,"column":12},"end":{"line":78,"column":15}},"loc":{"start":{"line":78,"column":17},"end":{"line":89,"column":3}}}},"branchMap":{"0":{"loc":{"start":{"line":50,"column":6},"end":{"line":52,"column":7}},"type":"if","locations":[{"start":{"line":50,"column":6},"end":{"line":52,"column":7}},{"start":{},"end":{}}]},"1":{"loc":{"start":{"line":58,"column":4},"end":{"line":64,"column":5}},"type":"if","locations":[{"start":{"line":58,"column":4},"end":{"line":64,"column":5}},{"start":{},"end":{}}]},"2":{"loc":{"start":{"line":59,"column":6},"end":{"line":63,"column":7}},"type":"if","locations":[{"start":{"line":59,"column":6},"end":{"line":63,"column":7}},{"start":{"line":61,"column":13},"end":{"line":63,"column":7}}]},"3":{"loc":{"start":{"line":68,"column":4},"end":{"line":74,"column":5}},"type":"if","locations":[{"start":{"line":68,"column":4},"end":{"line":74,"column":5}},{"start":{"line":70,"column":11},"end":{"line":74,"column":5}}]},"4":{"loc":{"start":{"line":70,"column":11},"end":{"line":74,"column":5}},"type":"if","locations":[{"start":{"line":70,"column":11},"end":{"line":74,"column":5}},{"start":{},"end":{}}]},"5":{"loc":{"start":{"line":80,"column":6},"end":{"line":87,"column":26}},"type":"binary-expr","locations":[{"start":{"line":80,"column":6},"end":{"line":80,"column":24}},{"start":{"line":81,"column":6},"end":{"line":81,"column":20}},{"start":{"line":82,"column":6},"end":{"line":82,"column":25}},{"start":{"line":83,"column":6},"end":{"line":83,"column":28}},{"start":{"line":84,"column":6},"end":{"line":84,"column":37}},{"start":{"line":85,"column":6},"end":{"line":85,"column":27}},{"start":{"line":86,"column":6},"end":{"line":86,"column":22}},{"start":{"line":87,"column":6},"end":{"line":87,"column":26}}]},"6":{"loc":{"start":{"line":88,"column":15},"end":{"line":88,"column":56}},"type":"binary-expr","locations":[{"start":{"line":88,"column":15},"end":{"line":88,"column":47}},{"start":{"line":88,"column":51},"end":{"line":88,"column":56}}]}},"s":{"0":2,"1":2,"2":2,"3":2,"4":2,"5":2,"6":21,"7":55,"8":21,"9":21,"10":21,"11":21,"12":21,"13":8,"14":8,"15":8,"16":21,"17":0,"18":0,"19":0,"20":0,"21":0,"22":0,"23":0,"24":0,"25":0,"26":21,"27":8,"28":8,"29":0,"30":0,"31":0,"32":8,"33":8,"34":8,"35":1,"36":1,"37":7,"38":7,"39":0,"40":8,"41":21,"42":13,"43":13,"44":21,"45":2},"f":{"0":21,"1":55,"2":8,"3":8,"4":0,"5":8,"6":1,"7":0,"8":13},"b":{"0":[0,0],"1":[0,8],"2":[0,0],"3":[1,7],"4":[7,0],"5":[13,6,0,0,0,0,0,0],"6":[13,12]}}
,"D:\\1\\rss_react\\src\\dataList\\DataList.tsx": {"path":"D:\\1\\rss_react\\src\\dataList\\DataList.tsx","statementMap":{"0":{"start":{"line":1,"column":0},"end":{"line":1,"column":63}},"1":{"start":{"line":2,"column":0},"end":{"line":2,"column":42}},"2":{"start":{"line":3,"column":0},"end":{"line":3,"column":20}},"3":{"start":{"line":4,"column":0},"end":{"line":4,"column":50}},"4":{"start":{"line":6,"column":17},"end":{"line":43,"column":1}},"5":{"start":{"line":7,"column":15},"end":{"line":7,"column":54}},"6":{"start":{"line":7,"column":35},"end":{"line":7,"column":53}},"7":{"start":{"line":8,"column":46},"end":{"line":8,"column":75}},"8":{"start":{"line":10,"column":2},"end":{"line":18,"column":13}},"9":{"start":{"line":11,"column":4},"end":{"line":17,"column":5}},"10":{"start":{"line":12,"column":23},"end":{"line":12,"column":38}},"11":{"start":{"line":13,"column":6},"end":{"line":13,"column":34}},"12":{"start":{"line":15,"column":20},"end":{"line":15,"column":67}},"13":{"start":{"line":15,"column":37},"end":{"line":15,"column":60}},"14":{"start":{"line":16,"column":6},"end":{"line":16,"column":39}},"15":{"start":{"line":16,"column":19},"end":{"line":16,"column":38}},"16":{"start":{"line":20,"column":2},"end":{"line":42,"column":4}},"17":{"start":{"line":24,"column":10},"end":{"line":25,"column":null}},"18":{"start":{"line":44,"column":0},"end":{"line":44,"column":24}}},"fnMap":{"0":{"name":"(anonymous_1)","decl":{"start":{"line":6,"column":17},"end":{"line":6,"column":34}},"loc":{"start":{"line":6,"column":36},"end":{"line":43,"column":1}}},"1":{"name":"(anonymous_2)","decl":{"start":{"line":7,"column":24},"end":{"line":7,"column":25}},"loc":{"start":{"line":7,"column":35},"end":{"line":7,"column":53}}},"2":{"name":"(anonymous_3)","decl":{"start":{"line":10,"column":12},"end":{"line":10,"column":15}},"loc":{"start":{"line":10,"column":17},"end":{"line":18,"column":3}}},"3":{"name":"(anonymous_4)","decl":{"start":{"line":15,"column":31},"end":{"line":15,"column":34}},"loc":{"start":{"line":15,"column":37},"end":{"line":15,"column":60}}},"4":{"name":"(anonymous_5)","decl":{"start":{"line":16,"column":13},"end":{"line":16,"column":16}},"loc":{"start":{"line":16,"column":19},"end":{"line":16,"column":38}}},"5":{"name":"(anonymous_6)","decl":{"start":{"line":23,"column":17},"end":{"line":23,"column":18}},"loc":{"start":{"line":24,"column":10},"end":{"line":25,"column":null}}}},"branchMap":{"0":{"loc":{"start":{"line":11,"column":4},"end":{"line":17,"column":5}},"type":"if","locations":[{"start":{"line":11,"column":4},"end":{"line":17,"column":5}},{"start":{},"end":{}}]},"1":{"loc":{"start":{"line":22,"column":7},"end":{"line":40,"column":10}},"type":"binary-expr","locations":[{"start":{"line":22,"column":7},"end":{"line":22,"column":11}},{"start":{"line":23,"column":8},"end":{"line":40,"column":10}}]},"2":{"loc":{"start":{"line":26,"column":39},"end":{"line":26,"column":76}},"type":"cond-expr","locations":[{"start":{"line":26,"column":66},"end":{"line":26,"column":71}},{"start":{"line":26,"column":74},"end":{"line":26,"column":76}}]},"3":{"loc":{"start":{"line":30,"column":19},"end":{"line":30,"column":44}},"type":"binary-expr","locations":[{"start":{"line":30,"column":19},"end":{"line":30,"column":28}},{"start":{"line":30,"column":32},"end":{"line":30,"column":44}}]}},"s":{"0":2,"1":2,"2":2,"3":2,"4":2,"5":14,"6":24,"7":14,"8":14,"9":7,"10":2,"11":2,"12":2,"13":1,"14":2,"15":2,"16":14,"17":7,"18":2},"f":{"0":14,"1":24,"2":7,"3":1,"4":2,"5":7},"b":{"0":[2,5],"1":[14,14],"2":[2,5],"3":[7,2]}}
,"D:\\1\\rss_react\\src\\mainPage\\MainPage.tsx": {"path":"D:\\1\\rss_react\\src\\mainPage\\MainPage.tsx","statementMap":{"0":{"start":{"line":1,"column":0},"end":{"line":1,"column":52}},"1":{"start":{"line":2,"column":0},"end":{"line":2,"column":41}},"2":{"start":{"line":3,"column":0},"end":{"line":3,"column":35}},"3":{"start":{"line":4,"column":0},"end":{"line":4,"column":68}},"4":{"start":{"line":5,"column":0},"end":{"line":5,"column":62}},"5":{"start":{"line":6,"column":0},"end":{"line":6,"column":44}},"6":{"start":{"line":8,"column":17},"end":{"line":48,"column":1}},"7":{"start":{"line":9,"column":36},"end":{"line":9,"column":51}},"8":{"start":{"line":10,"column":42},"end":{"line":12,"column":9}},"9":{"start":{"line":14,"column":20},"end":{"line":17,"column":3}},"10":{"start":{"line":15,"column":4},"end":{"line":15,"column":26}},"11":{"start":{"line":16,"column":4},"end":{"line":16,"column":23}},"12":{"start":{"line":19,"column":2},"end":{"line":47,"column":4}},"13":{"start":{"line":22,"column":23},"end":{"line":22,"column":53}},"14":{"start":{"line":28,"column":23},"end":{"line":28,"column":51}},"15":{"start":{"line":50,"column":0},"end":{"line":50,"column":24}}},"fnMap":{"0":{"name":"(anonymous_1)","decl":{"start":{"line":8,"column":17},"end":{"line":8,"column":34}},"loc":{"start":{"line":8,"column":36},"end":{"line":48,"column":1}}},"1":{"name":"(anonymous_2)","decl":{"start":{"line":14,"column":20},"end":{"line":14,"column":21}},"loc":{"start":{"line":14,"column":76},"end":{"line":17,"column":3}}},"2":{"name":"(anonymous_3)","decl":{"start":{"line":22,"column":17},"end":{"line":22,"column":20}},"loc":{"start":{"line":22,"column":23},"end":{"line":22,"column":53}}},"3":{"name":"(anonymous_4)","decl":{"start":{"line":28,"column":17},"end":{"line":28,"column":20}},"loc":{"start":{"line":28,"column":23},"end":{"line":28,"column":51}}}},"branchMap":{"0":{"loc":{"start":{"line":35,"column":7},"end":{"line":44,"column":null}},"type":"binary-expr","locations":[{"start":{"line":35,"column":7},"end":{"line":35,"column":16}},{"start":{"line":36,"column":8},"end":{"line":44,"column":null}}]},"1":{"loc":{"start":{"line":38,"column":13},"end":{"line":41,"column":null}},"type":"cond-expr","locations":[{"start":{"line":39,"column":14},"end":{"line":39,"column":62}},{"start":{"line":41,"column":14},"end":{"line":41,"column":60}}]}},"s":{"0":1,"1":1,"2":1,"3":1,"4":1,"5":1,"6":1,"7":8,"8":8,"9":8,"10":3,"11":3,"12":8,"13":2,"14":1,"15":1},"f":{"0":8,"1":3,"2":2,"3":1},"b":{"0":[8,3],"1":[2,1]}}
,"D:\\1\\rss_react\\src\\modal\\Modal.tsx": {"path":"D:\\1\\rss_react\\src\\modal\\Modal.tsx","statementMap":{"0":{"start":{"line":2,"column":0},"end":{"line":2,"column":28}},"1":{"start":{"line":9,"column":14},"end":{"line":34,"column":1}},"2":{"start":{"line":10,"column":22},"end":{"line":12,"column":3}},"3":{"start":{"line":11,"column":4},"end":{"line":11,"column":24}},"4":{"start":{"line":13,"column":2},"end":{"line":17,"column":5}},"5":{"start":{"line":14,"column":4},"end":{"line":16,"column":5}},"6":{"start":{"line":15,"column":6},"end":{"line":15,"column":20}},"7":{"start":{"line":19,"column":2},"end":{"line":33,"column":4}},"8":{"start":{"line":24,"column":30},"end":{"line":24,"column":53}},"9":{"start":{"line":36,"column":0},"end":{"line":36,"column":21}}},"fnMap":{"0":{"name":"(anonymous_0)","decl":{"start":{"line":9,"column":14},"end":{"line":9,"column":15}},"loc":{"start":{"line":9,"column":71},"end":{"line":34,"column":1}}},"1":{"name":"(anonymous_1)","decl":{"start":{"line":10,"column":22},"end":{"line":10,"column":31}},"loc":{"start":{"line":10,"column":33},"end":{"line":12,"column":3}}},"2":{"name":"(anonymous_2)","decl":{"start":{"line":13,"column":39},"end":{"line":13,"column":49}},"loc":{"start":{"line":13,"column":54},"end":{"line":17,"column":3}}},"3":{"name":"(anonymous_3)","decl":{"start":{"line":24,"column":19},"end":{"line":24,"column":20}},"loc":{"start":{"line":24,"column":30},"end":{"line":24,"column":53}}}},"branchMap":{"0":{"loc":{"start":{"line":14,"column":4},"end":{"line":16,"column":5}},"type":"if","locations":[{"start":{"line":14,"column":4},"end":{"line":16,"column":5}},{"start":{},"end":{}}]}},"s":{"0":2,"1":2,"2":7,"3":7,"4":7,"5":4,"6":4,"7":7,"8":2,"9":2},"f":{"0":7,"1":7,"2":4,"3":2},"b":{"0":[4,0]}}
,"D:\\1\\rss_react\\src\\store\\store.tsx": {"path":"D:\\1\\rss_react\\src\\store\\store.tsx","statementMap":{"0":{"start":{"line":1,"column":0},"end":{"line":1,"column":33}},"1":{"start":{"line":11,"column":13},"end":{"line":52,"column":4}},"2":{"start":{"line":11,"column":50},"end":{"line":52,"column":2}},"3":{"start":{"line":48,"column":4},"end":{"line":50,"column":7}},"4":{"start":{"line":48,"column":20},"end":{"line":50,"column":6}},"5":{"start":{"line":51,"column":23},"end":{"line":51,"column":48}}},"fnMap":{"0":{"name":"(anonymous_0)","decl":{"start":{"line":11,"column":40},"end":{"line":11,"column":41}},"loc":{"start":{"line":11,"column":50},"end":{"line":52,"column":2}}},"1":{"name":"(anonymous_1)","decl":{"start":{"line":47,"column":15},"end":{"line":47,"column":16}},"loc":{"start":{"line":48,"column":4},"end":{"line":50,"column":7}}},"2":{"name":"(anonymous_2)","decl":{"start":{"line":48,"column":8},"end":{"line":48,"column":9}},"loc":{"start":{"line":48,"column":20},"end":{"line":50,"column":6}}},"3":{"name":"(anonymous_3)","decl":{"start":{"line":51,"column":17},"end":{"line":51,"column":20}},"loc":{"start":{"line":51,"column":23},"end":{"line":51,"column":48}}}},"branchMap":{},"s":{"0":6,"1":6,"2":6,"3":2,"4":2,"5":4},"f":{"0":6,"1":2,"2":2,"3":4},"b":{}}
,"D:\\1\\rss_react\\src\\uncontrolledForm\\UncontrolledForm.tsx": {"path":"D:\\1\\rss_react\\src\\uncontrolledForm\\UncontrolledForm.tsx","statementMap":{"0":{"start":{"line":1,"column":0},"end":{"line":1,"column":67}},"1":{"start":{"line":2,"column":0},"end":{"line":2,"column":42}},"2":{"start":{"line":3,"column":0},"end":{"line":3,"column":31}},"3":{"start":{"line":4,"column":0},"end":{"line":4,"column":58}},"4":{"start":{"line":5,"column":0},"end":{"line":5,"column":43}},"5":{"start":{"line":6,"column":0},"end":{"line":6,"column":44}},"6":{"start":{"line":12,"column":25},"end":{"line":80,"column":1}},"7":{"start":{"line":15,"column":18},"end":{"line":15,"column":47}},"8":{"start":{"line":16,"column":22},"end":{"line":16,"column":52}},"9":{"start":{"line":17,"column":44},"end":{"line":17,"column":56}},"10":{"start":{"line":19,"column":22},"end":{"line":19,"column":60}},"11":{"start":{"line":19,"column":42},"end":{"line":19,"column":59}},"12":{"start":{"line":20,"column":30},"end":{"line":20,"column":68}},"13":{"start":{"line":21,"column":17},"end":{"line":21,"column":33}},"14":{"start":{"line":23,"column":23},"end":{"line":56,"column":3}},"15":{"start":{"line":24,"column":4},"end":{"line":24,"column":23}},"16":{"start":{"line":25,"column":17},"end":{"line":25,"column":32}},"17":{"start":{"line":26,"column":4},"end":{"line":55,"column":5}},"18":{"start":{"line":27,"column":23},"end":{"line":27,"column":41}},"19":{"start":{"line":28,"column":19},"end":{"line":28,"column":47}},"20":{"start":{"line":29,"column":34},"end":{"line":29,"column":38}},"21":{"start":{"line":31,"column":6},"end":{"line":33,"column":7}},"22":{"start":{"line":32,"column":8},"end":{"line":32,"column":39}},"23":{"start":{"line":34,"column":19},"end":{"line":44,"column":8}},"24":{"start":{"line":45,"column":6},"end":{"line":54,"column":7}},"25":{"start":{"line":46,"column":26},"end":{"line":46,"column":44}},"26":{"start":{"line":47,"column":8},"end":{"line":47,"column":31}},"27":{"start":{"line":48,"column":8},"end":{"line":48,"column":28}},"28":{"start":{"line":49,"column":8},"end":{"line":49,"column":31}},"29":{"start":{"line":51,"column":8},"end":{"line":53,"column":9}},"30":{"start":{"line":52,"column":10},"end":{"line":52,"column":49}},"31":{"start":{"line":58,"column":2},"end":{"line":79,"column":4}},"32":{"start":{"line":82,"column":0},"end":{"line":82,"column":32}}},"fnMap":{"0":{"name":"(anonymous_1)","decl":{"start":{"line":12,"column":25},"end":{"line":12,"column":26}},"loc":{"start":{"line":14,"column":42},"end":{"line":80,"column":1}}},"1":{"name":"(anonymous_2)","decl":{"start":{"line":19,"column":31},"end":{"line":19,"column":32}},"loc":{"start":{"line":19,"column":42},"end":{"line":19,"column":59}}},"2":{"name":"(anonymous_3)","decl":{"start":{"line":23,"column":23},"end":{"line":23,"column":28}},"loc":{"start":{"line":23,"column":69},"end":{"line":56,"column":3}}}},"branchMap":{"0":{"loc":{"start":{"line":26,"column":4},"end":{"line":55,"column":5}},"type":"if","locations":[{"start":{"line":26,"column":4},"end":{"line":55,"column":5}},{"start":{},"end":{}}]},"1":{"loc":{"start":{"line":31,"column":6},"end":{"line":33,"column":7}},"type":"if","locations":[{"start":{"line":31,"column":6},"end":{"line":33,"column":7}},{"start":{},"end":{}}]},"2":{"loc":{"start":{"line":31,"column":10},"end":{"line":31,"column":31}},"type":"binary-expr","locations":[{"start":{"line":31,"column":10},"end":{"line":31,"column":14}},{"start":{"line":31,"column":18},"end":{"line":31,"column":31}}]},"3":{"loc":{"start":{"line":51,"column":8},"end":{"line":53,"column":9}},"type":"if","locations":[{"start":{"line":51,"column":8},"end":{"line":53,"column":9}},{"start":{},"end":{}}]}},"s":{"0":2,"1":2,"2":2,"3":2,"4":2,"5":2,"6":2,"7":7,"8":7,"9":7,"10":7,"11":21,"12":7,"13":7,"14":7,"15":1,"16":1,"17":1,"18":1,"19":1,"20":1,"21":1,"22":0,"23":1,"24":1,"25":1,"26":0,"27":0,"28":0,"29":1,"30":1,"31":7,"32":2},"f":{"0":7,"1":21,"2":1},"b":{"0":[1,0],"1":[0,1],"2":[1,1],"3":[1,0]}}
,"D:\\1\\rss_react\\src\\utils\\AutocompletedCountry.tsx": {"path":"D:\\1\\rss_react\\src\\utils\\AutocompletedCountry.tsx","statementMap":{"0":{"start":{"line":1,"column":0},"end":{"line":1,"column":60}},"1":{"start":{"line":2,"column":0},"end":{"line":2,"column":42}},"2":{"start":{"line":4,"column":0},"end":{"line":4,"column":25}},"3":{"start":{"line":18,"column":29},"end":{"line":90,"column":1}},"4":{"start":{"line":21,"column":20},"end":{"line":21,"column":56}},"5":{"start":{"line":21,"column":40},"end":{"line":21,"column":55}},"6":{"start":{"line":22,"column":52},"end":{"line":22,"column":74}},"7":{"start":{"line":23,"column":19},"end":{"line":23,"column":49}},"8":{"start":{"line":25,"column":23},"end":{"line":43,"column":3}},"9":{"start":{"line":26,"column":18},"end":{"line":26,"column":32}},"10":{"start":{"line":27,"column":4},"end":{"line":29,"column":5}},"11":{"start":{"line":28,"column":6},"end":{"line":28,"column":30}},"12":{"start":{"line":30,"column":4},"end":{"line":32,"column":5}},"13":{"start":{"line":31,"column":6},"end":{"line":31,"column":44}},"14":{"start":{"line":34,"column":4},"end":{"line":37,"column":5}},"15":{"start":{"line":35,"column":6},"end":{"line":35,"column":31}},"16":{"start":{"line":36,"column":6},"end":{"line":36,"column":13}},"17":{"start":{"line":39,"column":21},"end":{"line":40,"column":null}},"18":{"start":{"line":40,"column":6},"end":{"line":40,"column":57}},"19":{"start":{"line":42,"column":4},"end":{"line":42,"column":35}},"20":{"start":{"line":45,"column":23},"end":{"line":56,"column":3}},"21":{"start":{"line":46,"column":4},"end":{"line":48,"column":5}},"22":{"start":{"line":47,"column":6},"end":{"line":47,"column":32}},"23":{"start":{"line":49,"column":4},"end":{"line":51,"column":5}},"24":{"start":{"line":50,"column":6},"end":{"line":50,"column":46}},"25":{"start":{"line":52,"column":4},"end":{"line":54,"column":5}},"26":{"start":{"line":53,"column":6},"end":{"line":53,"column":39}},"27":{"start":{"line":55,"column":4},"end":{"line":55,"column":29}},"28":{"start":{"line":58,"column":2},"end":{"line":89,"column":4}},"29":{"start":{"line":67,"column":10},"end":{"line":67,"column":58}},"30":{"start":{"line":67,"column":27},"end":{"line":67,"column":51}},"31":{"start":{"line":78,"column":12},"end":{"line":79,"column":null}},"32":{"start":{"line":80,"column":29},"end":{"line":80,"column":50}},"33":{"start":{"line":92,"column":0},"end":{"line":92,"column":36}}},"fnMap":{"0":{"name":"(anonymous_0)","decl":{"start":{"line":18,"column":29},"end":{"line":18,"column":null}},"loc":{"start":{"line":20,"column":18},"end":{"line":90,"column":1}}},"1":{"name":"(anonymous_1)","decl":{"start":{"line":21,"column":29},"end":{"line":21,"column":30}},"loc":{"start":{"line":21,"column":40},"end":{"line":21,"column":55}}},"2":{"name":"(anonymous_2)","decl":{"start":{"line":25,"column":23},"end":{"line":25,"column":24}},"loc":{"start":{"line":25,"column":66},"end":{"line":43,"column":3}}},"3":{"name":"(anonymous_3)","decl":{"start":{"line":39,"column":38},"end":{"line":39,"column":39}},"loc":{"start":{"line":40,"column":6},"end":{"line":40,"column":57}}},"4":{"name":"(anonymous_4)","decl":{"start":{"line":45,"column":23},"end":{"line":45,"column":24}},"loc":{"start":{"line":45,"column":43},"end":{"line":56,"column":3}}},"5":{"name":"(anonymous_5)","decl":{"start":{"line":66,"column":16},"end":{"line":66,"column":19}},"loc":{"start":{"line":66,"column":21},"end":{"line":68,"column":9}}},"6":{"name":"(anonymous_6)","decl":{"start":{"line":67,"column":21},"end":{"line":67,"column":24}},"loc":{"start":{"line":67,"column":27},"end":{"line":67,"column":51}}},"7":{"name":"(anonymous_7)","decl":{"start":{"line":77,"column":33},"end":{"line":77,"column":34}},"loc":{"start":{"line":78,"column":12},"end":{"line":79,"column":null}}},"8":{"name":"(anonymous_8)","decl":{"start":{"line":80,"column":23},"end":{"line":80,"column":26}},"loc":{"start":{"line":80,"column":29},"end":{"line":80,"column":50}}}},"branchMap":{"0":{"loc":{"start":{"line":27,"column":4},"end":{"line":29,"column":5}},"type":"if","locations":[{"start":{"line":27,"column":4},"end":{"line":29,"column":5}},{"start":{},"end":{}}]},"1":{"loc":{"start":{"line":30,"column":4},"end":{"line":32,"column":5}},"type":"if","locations":[{"start":{"line":30,"column":4},"end":{"line":32,"column":5}},{"start":{},"end":{}}]},"2":{"loc":{"start":{"line":34,"column":4},"end":{"line":37,"column":5}},"type":"if","locations":[{"start":{"line":34,"column":4},"end":{"line":37,"column":5}},{"start":{},"end":{}}]},"3":{"loc":{"start":{"line":46,"column":4},"end":{"line":48,"column":5}},"type":"if","locations":[{"start":{"line":46,"column":4},"end":{"line":48,"column":5}},{"start":{},"end":{}}]},"4":{"loc":{"start":{"line":49,"column":4},"end":{"line":51,"column":5}},"type":"if","locations":[{"start":{"line":49,"column":4},"end":{"line":51,"column":5}},{"start":{},"end":{}}]},"5":{"loc":{"start":{"line":52,"column":4},"end":{"line":54,"column":5}},"type":"if","locations":[{"start":{"line":52,"column":4},"end":{"line":54,"column":5}},{"start":{},"end":{}}]},"6":{"loc":{"start":{"line":69,"column":13},"end":{"line":71,"column":54}},"type":"cond-expr","locations":[{"start":{"line":70,"column":12},"end":{"line":70,"column":36}},{"start":{"line":71,"column":12},"end":{"line":71,"column":54}}]},"7":{"loc":{"start":{"line":71,"column":28},"end":{"line":71,"column":52}},"type":"binary-expr","locations":[{"start":{"line":71,"column":28},"end":{"line":71,"column":46}},{"start":{"line":71,"column":50},"end":{"line":71,"column":52}}]},"8":{"loc":{"start":{"line":75,"column":7},"end":{"line":86,"column":null}},"type":"binary-expr","locations":[{"start":{"line":75,"column":7},"end":{"line":75,"column":35}},{"start":{"line":76,"column":8},"end":{"line":85,"column":null}}]}},"s":{"0":3,"1":3,"2":3,"3":3,"4":25,"5":48,"6":25,"7":25,"8":25,"9":4,"10":4,"11":4,"12":4,"13":4,"14":4,"15":0,"16":0,"17":4,"18":16,"19":4,"20":25,"21":1,"22":1,"23":1,"24":1,"25":1,"26":1,"27":1,"28":25,"29":1,"30":0,"31":12,"32":1,"33":3},"f":{"0":25,"1":48,"2":4,"3":16,"4":1,"5":1,"6":0,"7":12,"8":1},"b":{"0":[4,0],"1":[4,0],"2":[0,4],"3":[1,0],"4":[1,0],"5":[1,0],"6":[22,3],"7":[3,0],"8":[25,4]}}
,"D:\\1\\rss_react\\src\\utils\\PasswordStrength.tsx": {"path":"D:\\1\\rss_react\\src\\utils\\PasswordStrength.tsx","statementMap":{"0":{"start":{"line":2,"column":0},"end":{"line":2,"column":46}},"1":{"start":{"line":3,"column":0},"end":{"line":3,"column":24}},"2":{"start":{"line":9,"column":25},"end":{"line":31,"column":1}},"3":{"start":{"line":12,"column":34},"end":{"line":12,"column":63}},"4":{"start":{"line":14,"column":2},"end":{"line":30,"column":4}},"5":{"start":{"line":18,"column":10},"end":{"line":19,"column":null}},"6":{"start":{"line":32,"column":0},"end":{"line":32,"column":32}}},"fnMap":{"0":{"name":"(anonymous_0)","decl":{"start":{"line":9,"column":25},"end":{"line":9,"column":26}},"loc":{"start":{"line":11,"column":42},"end":{"line":31,"column":1}}},"1":{"name":"(anonymous_1)","decl":{"start":{"line":17,"column":39},"end":{"line":17,"column":40}},"loc":{"start":{"line":18,"column":10},"end":{"line":19,"column":null}}}},"branchMap":{"0":{"loc":{"start":{"line":22,"column":31},"end":{"line":22,"column":66}},"type":"cond-expr","locations":[{"start":{"line":22,"column":47},"end":{"line":22,"column":52}},{"start":{"line":22,"column":55},"end":{"line":22,"column":66}}]},"1":{"loc":{"start":{"line":28,"column":7},"end":{"line":28,"column":42}},"type":"binary-expr","locations":[{"start":{"line":28,"column":7},"end":{"line":28,"column":15}},{"start":{"line":28,"column":19},"end":{"line":28,"column":42}}]}},"s":{"0":3,"1":3,"2":3,"3":20,"4":20,"5":100,"6":3},"f":{"0":20,"1":100},"b":{"0":[9,91],"1":[20,3]}}
,"D:\\1\\rss_react\\src\\utils\\utils.ts": {"path":"D:\\1\\rss_react\\src\\utils\\utils.ts","statementMap":{"0":{"start":{"line":1,"column":25},"end":{"line":8,"column":1}},"1":{"start":{"line":2,"column":2},"end":{"line":7,"column":5}},"2":{"start":{"line":3,"column":19},"end":{"line":3,"column":35}},"3":{"start":{"line":4,"column":4},"end":{"line":4,"column":59}},"4":{"start":{"line":4,"column":26},"end":{"line":4,"column":58}},"5":{"start":{"line":5,"column":4},"end":{"line":5,"column":28}},"6":{"start":{"line":6,"column":4},"end":{"line":6,"column":31}},"7":{"start":{"line":1,"column":13},"end":{"line":1,"column":25}},"8":{"start":{"line":10,"column":35},"end":{"line":36,"column":1}},"9":{"start":{"line":13,"column":14},"end":{"line":13,"column":15}},"10":{"start":{"line":15,"column":2},"end":{"line":15,"column":36}},"11":{"start":{"line":15,"column":28},"end":{"line":15,"column":36}},"12":{"start":{"line":16,"column":2},"end":{"line":16,"column":38}},"13":{"start":{"line":16,"column":30},"end":{"line":16,"column":38}},"14":{"start":{"line":17,"column":2},"end":{"line":17,"column":38}},"15":{"start":{"line":17,"column":30},"end":{"line":17,"column":38}},"16":{"start":{"line":18,"column":2},"end":{"line":18,"column":35}},"17":{"start":{"line":18,"column":27},"end":{"line":18,"column":35}},"18":{"start":{"line":19,"column":2},"end":{"line":19,"column":45}},"19":{"start":{"line":19,"column":37},"end":{"line":19,"column":45}},"20":{"start":{"line":21,"column":14},"end":{"line":21,"column":20}},"21":{"start":{"line":22,"column":14},"end":{"line":22,"column":19}},"22":{"start":{"line":24,"column":2},"end":{"line":33,"column":3}},"23":{"start":{"line":25,"column":4},"end":{"line":25,"column":19}},"24":{"start":{"line":26,"column":4},"end":{"line":26,"column":18}},"25":{"start":{"line":27,"column":9},"end":{"line":33,"column":3}},"26":{"start":{"line":28,"column":4},"end":{"line":28,"column":21}},"27":{"start":{"line":29,"column":4},"end":{"line":29,"column":21}},"28":{"start":{"line":30,"column":9},"end":{"line":33,"column":3}},"29":{"start":{"line":31,"column":4},"end":{"line":31,"column":21}},"30":{"start":{"line":32,"column":4},"end":{"line":32,"column":20}},"31":{"start":{"line":35,"column":2},"end":{"line":35,"column":33}},"32":{"start":{"line":10,"column":13},"end":{"line":10,"column":35}}},"fnMap":{"0":{"name":"(anonymous_0)","decl":{"start":{"line":1,"column":25},"end":{"line":1,"column":30}},"loc":{"start":{"line":1,"column":63},"end":{"line":8,"column":1}}},"1":{"name":"(anonymous_1)","decl":{"start":{"line":2,"column":35},"end":{"line":2,"column":36}},"loc":{"start":{"line":2,"column":55},"end":{"line":7,"column":3}}},"2":{"name":"(anonymous_2)","decl":{"start":{"line":4,"column":20},"end":{"line":4,"column":23}},"loc":{"start":{"line":4,"column":26},"end":{"line":4,"column":58}}},"3":{"name":"(anonymous_3)","decl":{"start":{"line":10,"column":35},"end":{"line":10,"column":null}},"loc":{"start":{"line":12,"column":53},"end":{"line":36,"column":1}}}},"branchMap":{"0":{"loc":{"start":{"line":15,"column":2},"end":{"line":15,"column":36}},"type":"if","locations":[{"start":{"line":15,"column":2},"end":{"line":15,"column":36}},{"start":{},"end":{}}]},"1":{"loc":{"start":{"line":16,"column":2},"end":{"line":16,"column":38}},"type":"if","locations":[{"start":{"line":16,"column":2},"end":{"line":16,"column":38}},{"start":{},"end":{}}]},"2":{"loc":{"start":{"line":17,"column":2},"end":{"line":17,"column":38}},"type":"if","locations":[{"start":{"line":17,"column":2},"end":{"line":17,"column":38}},{"start":{},"end":{}}]},"3":{"loc":{"start":{"line":18,"column":2},"end":{"line":18,"column":35}},"type":"if","locations":[{"start":{"line":18,"column":2},"end":{"line":18,"column":35}},{"start":{},"end":{}}]},"4":{"loc":{"start":{"line":19,"column":2},"end":{"line":19,"column":45}},"type":"if","locations":[{"start":{"line":19,"column":2},"end":{"line":19,"column":45}},{"start":{},"end":{}}]},"5":{"loc":{"start":{"line":24,"column":2},"end":{"line":33,"column":3}},"type":"if","locations":[{"start":{"line":24,"column":2},"end":{"line":33,"column":3}},{"start":{"line":27,"column":9},"end":{"line":33,"column":3}}]},"6":{"loc":{"start":{"line":27,"column":9},"end":{"line":33,"column":3}},"type":"if","locations":[{"start":{"line":27,"column":9},"end":{"line":33,"column":3}},{"start":{"line":30,"column":9},"end":{"line":33,"column":3}}]},"7":{"loc":{"start":{"line":27,"column":13},"end":{"line":27,"column":39}},"type":"binary-expr","locations":[{"start":{"line":27,"column":13},"end":{"line":27,"column":24}},{"start":{"line":27,"column":28},"end":{"line":27,"column":39}}]},"8":{"loc":{"start":{"line":30,"column":9},"end":{"line":33,"column":3}},"type":"if","locations":[{"start":{"line":30,"column":9},"end":{"line":33,"column":3}},{"start":{},"end":{}}]}},"s":{"0":5,"1":0,"2":0,"3":0,"4":0,"5":0,"6":0,"7":5,"8":5,"9":23,"10":23,"11":4,"12":23,"13":2,"14":23,"15":5,"16":23,"17":5,"18":23,"19":2,"20":23,"21":23,"22":23,"23":19,"24":19,"25":4,"26":2,"27":2,"28":2,"29":2,"30":2,"31":23,"32":5},"f":{"0":0,"1":0,"2":0,"3":23},"b":{"0":[4,19],"1":[2,21],"2":[5,18],"3":[5,18],"4":[2,21],"5":[19,4],"6":[2,2],"7":[4,2],"8":[2,0]}}
,"D:\\1\\rss_react\\src\\validation\\validation.ts": {"path":"D:\\1\\rss_react\\src\\validation\\validation.ts","statementMap":{"0":{"start":{"line":1,"column":0},"end":{"line":1,"column":25}},"1":{"start":{"line":2,"column":0},"end":{"line":2,"column":42}},"2":{"start":{"line":4,"column":30},"end":{"line":41,"column":1}},"3":{"start":{"line":5,"column":20},"end":{"line":5,"column":49}},"4":{"start":{"line":6,"column":2},"end":{"line":40,"column":7}},"5":{"start":{"line":23,"column":43},"end":{"line":23,"column":53}},"6":{"start":{"line":29,"column":25},"end":{"line":29,"column":48}},"7":{"start":{"line":35,"column":25},"end":{"line":35,"column":51}},"8":{"start":{"line":37,"column":22},"end":{"line":37,"column":62}},"9":{"start":{"line":4,"column":13},"end":{"line":4,"column":30}}},"fnMap":{"0":{"name":"(anonymous_9)","decl":{"start":{"line":4,"column":30},"end":{"line":4,"column":33}},"loc":{"start":{"line":4,"column":35},"end":{"line":41,"column":1}}},"1":{"name":"(anonymous_10)","decl":{"start":{"line":23,"column":36},"end":{"line":23,"column":37}},"loc":{"start":{"line":23,"column":43},"end":{"line":23,"column":53}}},"2":{"name":"(anonymous_11)","decl":{"start":{"line":29,"column":16},"end":{"line":29,"column":17}},"loc":{"start":{"line":29,"column":25},"end":{"line":29,"column":48}}},"3":{"name":"(anonymous_12)","decl":{"start":{"line":35,"column":16},"end":{"line":35,"column":17}},"loc":{"start":{"line":35,"column":25},"end":{"line":35,"column":51}}},"4":{"name":"(anonymous_13)","decl":{"start":{"line":37,"column":12},"end":{"line":37,"column":13}},"loc":{"start":{"line":37,"column":22},"end":{"line":37,"column":62}}}},"branchMap":{"0":{"loc":{"start":{"line":35,"column":25},"end":{"line":35,"column":51}},"type":"binary-expr","locations":[{"start":{"line":35,"column":25},"end":{"line":35,"column":37}},{"start":{"line":35,"column":41},"end":{"line":35,"column":51}}]}},"s":{"0":3,"1":3,"2":3,"3":28,"4":28,"5":3,"6":1,"7":1,"8":1,"9":3},"f":{"0":28,"1":3,"2":1,"3":1,"4":1},"b":{"0":[1,0]}}
}
