TN:
SF:src\baseForm\BaseForm.tsx
FN:22,(anonymous_1)
FN:34,(anonymous_2)
FN:61,(anonymous_3)
FN:77,(anonymous_4)
FN:95,(anonymous_5)
FN:108,(anonymous_6)
FN:120,(anonymous_7)
FN:121,(anonymous_8)
FN:139,(anonymous_9)
FN:156,(anonymous_10)
FN:160,(anonymous_11)
FN:188,(anonymous_12)
FN:208,(anonymous_13)
FN:224,(anonymous_14)
FNF:14
FNH:5
FNDA:24,(anonymous_1)
FNDA:2,(anonymous_2)
FNDA:6,(anonymous_3)
FNDA:0,(anonymous_4)
FNDA:0,(anonymous_5)
FNDA:0,(anonymous_6)
FNDA:0,(anonymous_7)
FNDA:0,(anonymous_8)
FNDA:0,(anonymous_9)
FNDA:0,(anonymous_10)
FNDA:0,(anonymous_11)
FNDA:0,(anonymous_12)
FNDA:4,(anonymous_13)
FNDA:2,(anonymous_14)
DA:2,4
DA:3,4
DA:6,4
DA:7,4
DA:22,4
DA:34,24
DA:35,2
DA:37,1
DA:38,1
DA:39,1
DA:40,1
DA:42,0
DA:46,24
DA:62,6
DA:78,0
DA:96,0
DA:109,0
DA:120,0
DA:140,0
DA:157,0
DA:161,0
DA:166,0
DA:167,0
DA:189,0
DA:209,4
DA:225,2
DA:226,2
DA:249,4
LF:28
LH:17
BRDA:28,0,0,4
BRDA:35,1,0,1
BRDA:35,1,1,1
BRDA:35,2,0,2
BRDA:35,2,1,1
BRDA:37,3,0,1
BRDA:37,3,1,0
BRDA:38,4,0,1
BRDA:38,4,1,0
BRDA:49,5,0,17
BRDA:49,5,1,7
BRDA:51,6,0,17
BRDA:51,6,1,7
BRDA:59,7,0,17
BRDA:59,7,1,7
BRDA:60,8,0,17
BRDA:60,8,1,7
BRDA:62,9,0,6
BRDA:62,9,1,6
BRDA:62,9,2,6
BRDA:66,10,0,24
BRDA:66,10,1,1
BRDA:75,11,0,17
BRDA:75,11,1,7
BRDA:76,12,0,17
BRDA:76,12,1,7
BRDA:78,13,0,0
BRDA:78,13,1,0
BRDA:78,13,2,0
BRDA:82,14,0,24
BRDA:82,14,1,1
BRDA:93,15,0,17
BRDA:93,15,1,7
BRDA:94,16,0,24
BRDA:94,16,1,7
BRDA:96,17,0,0
BRDA:96,17,1,0
BRDA:96,17,2,0
BRDA:106,18,0,17
BRDA:106,18,1,7
BRDA:107,19,0,24
BRDA:107,19,1,7
BRDA:109,20,0,0
BRDA:109,20,1,0
BRDA:109,20,2,0
BRDA:117,21,0,17
BRDA:117,21,1,7
BRDA:120,22,0,0
BRDA:120,22,1,0
BRDA:127,23,0,24
BRDA:127,23,1,1
BRDA:137,24,0,17
BRDA:137,24,1,7
BRDA:138,25,0,7
BRDA:138,25,1,17
BRDA:140,26,0,0
BRDA:140,26,1,0
BRDA:140,26,2,0
BRDA:144,27,0,24
BRDA:144,27,1,1
BRDA:154,28,0,17
BRDA:154,28,1,7
BRDA:155,29,0,7
BRDA:155,29,1,17
BRDA:157,30,0,0
BRDA:157,30,1,0
BRDA:157,30,2,0
BRDA:159,31,0,24
BRDA:159,31,1,7
BRDA:161,32,0,0
BRDA:161,32,1,0
BRDA:162,33,0,0
BRDA:162,33,1,0
BRDA:162,33,2,0
BRDA:166,34,0,0
BRDA:166,34,1,0
BRDA:173,35,0,0
BRDA:173,35,1,24
BRDA:176,36,0,24
BRDA:176,36,1,1
BRDA:186,37,0,17
BRDA:186,37,1,7
BRDA:187,38,0,7
BRDA:187,38,1,17
BRDA:189,39,0,0
BRDA:189,39,1,0
BRDA:189,39,2,0
BRDA:195,40,0,24
BRDA:195,40,1,0
BRDA:206,41,0,17
BRDA:206,41,1,7
BRDA:207,42,0,24
BRDA:207,42,1,7
BRDA:209,43,0,4
BRDA:209,43,1,2
BRDA:209,43,2,2
BRDA:215,44,0,24
BRDA:215,44,1,2
BRDA:225,45,0,2
BRDA:225,45,1,0
BRDA:235,46,0,24
BRDA:235,46,1,0
BRDA:238,47,0,24
BRDA:238,47,1,1
BRDA:242,48,0,24
BRDA:242,48,1,17
BRF:106
BRH:73
end_of_record
TN:
SF:src\controlledForm\ControlledForm.tsx
FN:13,(anonymous_1)
FN:16,(anonymous_2)
FN:34,(anonymous_3)
FN:35,(anonymous_4)
FN:39,(anonymous_5)
FN:56,(anonymous_6)
FN:69,(anonymous_7)
FN:72,(anonymous_8)
FN:78,(anonymous_9)
FNF:9
FNH:7
FNDA:21,(anonymous_1)
FNDA:55,(anonymous_2)
FNDA:8,(anonymous_3)
FNDA:8,(anonymous_4)
FNDA:0,(anonymous_5)
FNDA:8,(anonymous_6)
FNDA:1,(anonymous_7)
FNDA:0,(anonymous_8)
FNDA:13,(anonymous_9)
DA:1,2
DA:2,2
DA:3,2
DA:4,2
DA:7,2
DA:13,2
DA:16,55
DA:18,21
DA:19,21
DA:21,21
DA:32,21
DA:34,21
DA:35,8
DA:36,8
DA:39,21
DA:40,0
DA:42,0
DA:44,0
DA:45,0
DA:46,0
DA:47,0
DA:48,0
DA:50,0
DA:51,0
DA:56,21
DA:57,8
DA:58,8
DA:59,0
DA:60,0
DA:62,0
DA:65,8
DA:66,8
DA:68,8
DA:69,1
DA:70,7
DA:71,7
DA:72,0
DA:75,8
DA:78,21
DA:80,13
DA:88,13
DA:101,21
DA:113,2
LF:43
LH:30
BRDA:50,0,0,0
BRDA:50,0,1,0
BRDA:58,1,0,0
BRDA:58,1,1,8
BRDA:59,2,0,0
BRDA:59,2,1,0
BRDA:68,3,0,1
BRDA:68,3,1,7
BRDA:70,4,0,7
BRDA:70,4,1,0
BRDA:80,5,0,13
BRDA:80,5,1,6
BRDA:80,5,2,0
BRDA:80,5,3,0
BRDA:80,5,4,0
BRDA:80,5,5,0
BRDA:80,5,6,0
BRDA:80,5,7,0
BRDA:88,6,0,13
BRDA:88,6,1,12
BRF:20
BRH:8
end_of_record
TN:
SF:src\dataList\DataList.tsx
FN:6,(anonymous_1)
FN:7,(anonymous_2)
FN:10,(anonymous_3)
FN:15,(anonymous_4)
FN:16,(anonymous_5)
FN:23,(anonymous_6)
FNF:6
FNH:6
FNDA:14,(anonymous_1)
FNDA:24,(anonymous_2)
FNDA:7,(anonymous_3)
FNDA:1,(anonymous_4)
FNDA:2,(anonymous_5)
FNDA:7,(anonymous_6)
DA:1,2
DA:2,2
DA:3,2
DA:4,2
DA:6,2
DA:7,24
DA:8,14
DA:10,14
DA:11,7
DA:12,2
DA:13,2
DA:15,2
DA:16,2
DA:20,14
DA:24,7
DA:44,2
LF:16
LH:16
BRDA:11,0,0,2
BRDA:11,0,1,5
BRDA:22,1,0,14
BRDA:22,1,1,14
BRDA:26,2,0,2
BRDA:26,2,1,5
BRDA:30,3,0,7
BRDA:30,3,1,2
BRF:8
BRH:8
end_of_record
TN:
SF:src\mainPage\MainPage.tsx
FN:8,(anonymous_1)
FN:14,(anonymous_2)
FN:22,(anonymous_3)
FN:28,(anonymous_4)
FNF:4
FNH:4
FNDA:8,(anonymous_1)
FNDA:3,(anonymous_2)
FNDA:2,(anonymous_3)
FNDA:1,(anonymous_4)
DA:1,1
DA:2,1
DA:3,1
DA:4,1
DA:5,1
DA:6,1
DA:8,1
DA:9,8
DA:10,8
DA:14,8
DA:15,3
DA:16,3
DA:19,8
DA:22,2
DA:28,1
DA:50,1
LF:16
LH:16
BRDA:35,0,0,8
BRDA:35,0,1,3
BRDA:38,1,0,2
BRDA:38,1,1,1
BRF:4
BRH:4
end_of_record
TN:
SF:src\modal\Modal.tsx
FN:9,(anonymous_0)
FN:10,(anonymous_1)
FN:13,(anonymous_2)
FN:24,(anonymous_3)
FNF:4
FNH:4
FNDA:7,(anonymous_0)
FNDA:7,(anonymous_1)
FNDA:4,(anonymous_2)
FNDA:2,(anonymous_3)
DA:2,2
DA:9,2
DA:10,7
DA:11,7
DA:13,7
DA:14,4
DA:15,4
DA:19,7
DA:24,2
DA:36,2
LF:10
LH:10
BRDA:14,0,0,4
BRDA:14,0,1,0
BRF:2
BRH:1
end_of_record
TN:
SF:src\store\store.tsx
FN:11,(anonymous_0)
FN:47,(anonymous_1)
FN:48,(anonymous_2)
FN:51,(anonymous_3)
FNF:4
FNH:4
FNDA:6,(anonymous_0)
FNDA:2,(anonymous_1)
FNDA:2,(anonymous_2)
FNDA:4,(anonymous_3)
DA:1,6
DA:11,6
DA:48,2
DA:51,4
LF:4
LH:4
BRF:0
BRH:0
end_of_record
TN:
SF:src\uncontrolledForm\UncontrolledForm.tsx
FN:12,(anonymous_1)
FN:19,(anonymous_2)
FN:23,(anonymous_3)
FNF:3
FNH:3
FNDA:7,(anonymous_1)
FNDA:21,(anonymous_2)
FNDA:1,(anonymous_3)
DA:1,2
DA:2,2
DA:3,2
DA:4,2
DA:5,2
DA:6,2
DA:12,2
DA:15,7
DA:16,7
DA:17,7
DA:19,21
DA:20,7
DA:21,7
DA:23,7
DA:24,1
DA:25,1
DA:26,1
DA:27,1
DA:28,1
DA:29,1
DA:31,1
DA:32,0
DA:34,1
DA:45,1
DA:46,1
DA:47,0
DA:48,0
DA:49,0
DA:51,1
DA:52,1
DA:58,7
DA:82,2
LF:32
LH:28
BRDA:26,0,0,1
BRDA:26,0,1,0
BRDA:31,1,0,0
BRDA:31,1,1,1
BRDA:31,2,0,1
BRDA:31,2,1,1
BRDA:51,3,0,1
BRDA:51,3,1,0
BRF:8
BRH:5
end_of_record
TN:
SF:src\utils\AutocompletedCountry.tsx
FN:18,(anonymous_0)
FN:21,(anonymous_1)
FN:25,(anonymous_2)
FN:39,(anonymous_3)
FN:45,(anonymous_4)
FN:66,(anonymous_5)
FN:67,(anonymous_6)
FN:77,(anonymous_7)
FN:80,(anonymous_8)
FNF:9
FNH:8
FNDA:25,(anonymous_0)
FNDA:48,(anonymous_1)
FNDA:4,(anonymous_2)
FNDA:16,(anonymous_3)
FNDA:1,(anonymous_4)
FNDA:1,(anonymous_5)
FNDA:0,(anonymous_6)
FNDA:12,(anonymous_7)
FNDA:1,(anonymous_8)
DA:1,3
DA:2,3
DA:4,3
DA:18,3
DA:21,48
DA:22,25
DA:23,25
DA:25,25
DA:26,4
DA:27,4
DA:28,4
DA:30,4
DA:31,4
DA:34,4
DA:35,0
DA:36,0
DA:39,4
DA:40,16
DA:42,4
DA:45,25
DA:46,1
DA:47,1
DA:49,1
DA:50,1
DA:52,1
DA:53,1
DA:55,1
DA:58,25
DA:67,1
DA:78,12
DA:80,1
DA:92,3
LF:32
LH:30
BRDA:27,0,0,4
BRDA:27,0,1,0
BRDA:30,1,0,4
BRDA:30,1,1,0
BRDA:34,2,0,0
BRDA:34,2,1,4
BRDA:46,3,0,1
BRDA:46,3,1,0
BRDA:49,4,0,1
BRDA:49,4,1,0
BRDA:52,5,0,1
BRDA:52,5,1,0
BRDA:69,6,0,22
BRDA:69,6,1,3
BRDA:71,7,0,3
BRDA:71,7,1,0
BRDA:75,8,0,25
BRDA:75,8,1,4
BRF:18
BRH:11
end_of_record
TN:
SF:src\utils\PasswordStrength.tsx
FN:9,(anonymous_0)
FN:17,(anonymous_1)
FNF:2
FNH:2
FNDA:20,(anonymous_0)
FNDA:100,(anonymous_1)
DA:2,3
DA:3,3
DA:9,3
DA:12,20
DA:14,20
DA:18,100
DA:32,3
LF:7
LH:7
BRDA:22,0,0,9
BRDA:22,0,1,91
BRDA:28,1,0,20
BRDA:28,1,1,3
BRF:4
BRH:4
end_of_record
TN:
SF:src\utils\utils.ts
FN:1,(anonymous_0)
FN:2,(anonymous_1)
FN:4,(anonymous_2)
FN:10,(anonymous_3)
FNF:4
FNH:1
FNDA:0,(anonymous_0)
FNDA:0,(anonymous_1)
FNDA:0,(anonymous_2)
FNDA:23,(anonymous_3)
DA:1,5
DA:2,0
DA:3,0
DA:4,0
DA:5,0
DA:6,0
DA:10,5
DA:13,23
DA:15,23
DA:16,23
DA:17,23
DA:18,23
DA:19,23
DA:21,23
DA:22,23
DA:24,23
DA:25,19
DA:26,19
DA:27,4
DA:28,2
DA:29,2
DA:30,2
DA:31,2
DA:32,2
DA:35,23
LF:25
LH:20
BRDA:15,0,0,4
BRDA:15,0,1,19
BRDA:16,1,0,2
BRDA:16,1,1,21
BRDA:17,2,0,5
BRDA:17,2,1,18
BRDA:18,3,0,5
BRDA:18,3,1,18
BRDA:19,4,0,2
BRDA:19,4,1,21
BRDA:24,5,0,19
BRDA:24,5,1,4
BRDA:27,6,0,2
BRDA:27,6,1,2
BRDA:27,7,0,4
BRDA:27,7,1,2
BRDA:30,8,0,2
BRDA:30,8,1,0
BRF:18
BRH:17
end_of_record
TN:
SF:src\validation\validation.ts
FN:4,(anonymous_9)
FN:23,(anonymous_10)
FN:29,(anonymous_11)
FN:35,(anonymous_12)
FN:37,(anonymous_13)
FNF:5
FNH:5
FNDA:28,(anonymous_9)
FNDA:3,(anonymous_10)
FNDA:1,(anonymous_11)
FNDA:1,(anonymous_12)
FNDA:1,(anonymous_13)
DA:1,3
DA:2,3
DA:4,3
DA:5,28
DA:6,28
DA:23,3
DA:29,1
DA:35,1
DA:37,1
LF:9
LH:9
BRDA:35,0,0,1
BRDA:35,0,1,0
BRF:2
BRH:1
end_of_record
